<?xml version="1.0" encoding="UTF-8"?>
<testng-results ignored="0" total="1" passed="1" failed="0" skipped="0">
  <reporter-output>
  </reporter-output>
  <suite started-at="2023-10-29T12:27:38 CST" name="Default suite" finished-at="2023-10-29T12:27:46 CST" duration-ms="8284">
    <groups>
    </groups>
    <test started-at="2023-10-29T12:27:38 CST" name="Default test" finished-at="2023-10-29T12:27:46 CST" duration-ms="8284">
      <class name="bryanpereyra.Appium.ScrollDemo">
        <test-method is-config="true" signature="ConfigureAppium()[pri:0, instance:bryanpereyra.Appium.ScrollDemo@e350b40]" started-at="2023-10-29T12:27:38 CST" name="ConfigureAppium" finished-at="2023-10-29T12:27:43 CST" duration-ms="5383" status="PASS">
          <reporter-output>
          </reporter-output>
        </test-method> <!-- ConfigureAppium -->
        <test-method signature="ScrollDemoTest()[pri:0, instance:bryanpereyra.Appium.ScrollDemo@e350b40]" started-at="2023-10-29T12:27:43 CST" name="ScrollDemoTest" finished-at="2023-10-29T12:27:46 CST" duration-ms="2562" status="PASS">
          <reporter-output>
          </reporter-output>
        </test-method> <!-- ScrollDemoTest -->
        <test-method is-config="true" signature="tearDown()[pri:0, instance:bryanpereyra.Appium.ScrollDemo@e350b40]" started-at="2023-10-29T12:27:46 CST" name="tearDown" finished-at="2023-10-29T12:27:46 CST" duration-ms="297" status="PASS">
          <reporter-output>
          </reporter-output>
        </test-method> <!-- tearDown -->
      </class> <!-- bryanpereyra.Appium.ScrollDemo -->
    </test> <!-- Default test -->
  </suite> <!-- Default suite -->
</testng-results>
