<?xml version="1.0" encoding="UTF-8"?>
<testng-results ignored="0" total="1" passed="1" failed="0" skipped="0">
  <reporter-output>
  </reporter-output>
  <suite started-at="2023-10-26T12:51:04 CDT" name="Default suite" finished-at="2023-10-26T12:51:16 CDT" duration-ms="11265">
    <groups>
    </groups>
    <test started-at="2023-10-26T12:51:04 CDT" name="Default test" finished-at="2023-10-26T12:51:16 CDT" duration-ms="11265">
      <class name="bryanpereyra.Appium.AppiumBasics">
        <test-method is-config="true" signature="ConfigureAppium()[pri:0, instance:bryanpereyra.Appium.AppiumBasics@18df8434]" started-at="2023-10-26T12:51:04 CDT" name="ConfigureAppium" finished-at="2023-10-26T12:51:11 CDT" duration-ms="6352" status="PASS">
          <reporter-output>
          </reporter-output>
        </test-method> <!-- ConfigureAppium -->
        <test-method signature="WifiSettingsName()[pri:0, instance:bryanpereyra.Appium.AppiumBasics@18df8434]" started-at="2023-10-26T12:51:11 CDT" name="WifiSettingsName" finished-at="2023-10-26T12:51:15 CDT" duration-ms="4518" status="PASS">
          <reporter-output>
          </reporter-output>
        </test-method> <!-- WifiSettingsName -->
        <test-method is-config="true" signature="tearDown()[pri:0, instance:bryanpereyra.Appium.AppiumBasics@18df8434]" started-at="2023-10-26T12:51:15 CDT" name="tearDown" finished-at="2023-10-26T12:51:16 CDT" duration-ms="351" status="PASS">
          <reporter-output>
          </reporter-output>
        </test-method> <!-- tearDown -->
      </class> <!-- bryanpereyra.Appium.AppiumBasics -->
    </test> <!-- Default test -->
  </suite> <!-- Default suite -->
</testng-results>
